# JRE version: Java(TM) SE Runtime Environment (8.0_151-b12) (build 1.8.0_151-b12)
# Java VM: Java HotSpot(TM) 64-Bit Server VM (25.151-b12 mixed mode linux-amd64 compressed oops)
Heap:
 PSYoungGen      total 202240K, used 7670K [0x0000000781e00000, 0x000000078eb00000, 0x00000007c0000000)
  eden space 194560K, 0% used [0x0000000781e00000,0x0000000781e00000,0x000000078dc00000)
  from space 7680K, 99% used [0x000000078dc00000,0x000000078e37da78,0x000000078e380000)
  to   space 7680K, 0% used [0x000000078e380000,0x000000078e380000,0x000000078eb00000)
 ParOldGen       total 128512K, used 103942K [0x0000000705a00000, 0x000000070d780000, 0x0000000781e00000)
  object space 128512K, 80% used [0x0000000705a00000,0x000000070bf81848,0x000000070d780000)
 Metaspace       used 7258K, capacity 7422K, committed 7552K, reserved 1056768K
  class space    used 746K, capacity 796K, committed 896K, reserved 1048576K
GC Heap History (9 events):
Event: 1.494 GC heap before
{Heap before GC invocations=1 (full 0):
 PSYoungGen      total 56320K, used 48640K [0x0000000781e00000, 0x0000000785c80000, 0x00000007c0000000)
  eden space 48640K, 100% used [0x0000000781e00000,0x0000000784d80000,0x0000000784d80000)
  from space 7680K, 0% used [0x0000000785500000,0x0000000785500000,0x0000000785c80000)
  to   space 7680K, 0% used [0x0000000784d80000,0x0000000784d80000,0x0000000785500000)
 ParOldGen       total 128512K, used 0K [0x0000000705a00000, 0x000000070d780000, 0x0000000781e00000)
  object space 128512K, 0% used [0x0000000705a00000,0x0000000705a00000,0x000000070d780000)
 Metaspace       used 7228K, capacity 7416K, committed 7552K, reserved 1056768K
  class space    used 745K, capacity 795K, committed 896K, reserved 1048576K
Event: 1.511 GC heap after
Heap after GC invocations=1 (full 0):
 PSYoungGen      total 56320K, used 7159K [0x0000000781e00000, 0x0000000788c00000, 0x00000007c0000000)
  eden space 48640K, 0% used [0x0000000781e00000,0x0000000781e00000,0x0000000784d80000)
  from space 7680K, 93% used [0x0000000784d80000,0x000000078547df60,0x0000000785500000)
  to   space 7680K, 0% used [0x0000000788480000,0x0000000788480000,0x0000000788c00000)
 ParOldGen       total 128512K, used 8K [0x0000000705a00000, 0x000000070d780000, 0x0000000781e00000)
  object space 128512K, 0% used [0x0000000705a00000,0x0000000705a02000,0x000000070d780000)
 Metaspace       used 7228K, capacity 7416K, committed 7552K, reserved 1056768K
  class space    used 745K, capacity 795K, committed 896K, reserved 1048576K
}
Event: 1.593 GC heap before
{Heap before GC invocations=2 (full 0):
 PSYoungGen      total 56320K, used 55799K [0x0000000781e00000, 0x0000000788c00000, 0x00000007c0000000)
  eden space 48640K, 100% used [0x0000000781e00000,0x0000000784d80000,0x0000000784d80000)
  from space 7680K, 93% used [0x0000000784d80000,0x000000078547df60,0x0000000785500000)
  to   space 7680K, 0% used [0x0000000788480000,0x0000000788480000,0x0000000788c00000)
 ParOldGen       total 128512K, used 8K [0x0000000705a00000, 0x000000070d780000, 0x0000000781e00000)
  object space 128512K, 0% used [0x0000000705a00000,0x0000000705a02000,0x000000070d780000)
 Metaspace       used 7234K, capacity 7422K, committed 7552K, reserved 1056768K
  class space    used 746K, capacity 796K, committed 896K, reserved 1048576K
Event: 1.634 GC heap after
Heap after GC invocations=2 (full 0):
 PSYoungGen      total 104960K, used 7667K [0x0000000781e00000, 0x0000000788c00000, 0x00000007c0000000)
  eden space 97280K, 0% used [0x0000000781e00000,0x0000000781e00000,0x0000000787d00000)
  from space 7680K, 99% used [0x0000000788480000,0x0000000788bfcee0,0x0000000788c00000)
  to   space 7680K, 0% used [0x0000000787d00000,0x0000000787d00000,0x0000000788480000)
 ParOldGen       total 128512K, used 4203K [0x0000000705a00000, 0x000000070d780000, 0x0000000781e00000)
  object space 128512K, 3% used [0x0000000705a00000,0x0000000705e1af58,0x000000070d780000)
 Metaspace       used 7234K, capacity 7422K, committed 7552K, reserved 1056768K
  class space    used 746K, capacity 796K, committed 896K, reserved 1048576K
}
Event: 1.824 GC heap before
{Heap before GC invocations=3 (full 0):
 PSYoungGen      total 104960K, used 104947K [0x0000000781e00000, 0x0000000788c00000, 0x00000007c0000000)
  eden space 97280K, 100% used [0x0000000781e00000,0x0000000787d00000,0x0000000787d00000)
  from space 7680K, 99% used [0x0000000788480000,0x0000000788bfcee0,0x0000000788c00000)
  to   space 7680K, 0% used [0x0000000787d00000,0x0000000787d00000,0x0000000788480000)
 ParOldGen       total 128512K, used 4203K [0x0000000705a00000, 0x000000070d780000, 0x0000000781e00000)
  object space 128512K, 3% used [0x0000000705a00000,0x0000000705e1af58,0x000000070d780000)
 Metaspace       used 7249K, capacity 7422K, committed 7552K, reserved 1056768K
  class space    used 746K, capacity 796K, committed 896K, reserved 1048576K
Event: 1.879 GC heap after
Heap after GC invocations=3 (full 0):
 PSYoungGen      total 104960K, used 7672K [0x0000000781e00000, 0x000000078eb00000, 0x00000007c0000000)
  eden space 97280K, 0% used [0x0000000781e00000,0x0000000781e00000,0x0000000787d00000)
  from space 7680K, 99% used [0x0000000787d00000,0x000000078847e360,0x0000000788480000)
  to   space 7680K, 0% used [0x000000078e380000,0x000000078e380000,0x000000078eb00000)
 ParOldGen       total 128512K, used 23195K [0x0000000705a00000, 0x000000070d780000, 0x0000000781e00000)
  object space 128512K, 18% used [0x0000000705a00000,0x00000007070a6cc0,0x000000070d780000)
 Metaspace       used 7249K, capacity 7422K, committed 7552K, reserved 1056768K
  class space    used 746K, capacity 796K, committed 896K, reserved 1048576K
}
Event: 1.996 GC heap before
{Heap before GC invocations=4 (full 0):
 PSYoungGen      total 104960K, used 104197K [0x0000000781e00000, 0x000000078eb00000, 0x00000007c0000000)
  eden space 97280K, 99% used [0x0000000781e00000,0x0000000787c433b8,0x0000000787d00000)
  from space 7680K, 99% used [0x0000000787d00000,0x000000078847e360,0x0000000788480000)
  to   space 7680K, 0% used [0x000000078e380000,0x000000078e380000,0x000000078eb00000)
 ParOldGen       total 128512K, used 23195K [0x0000000705a00000, 0x000000070d780000, 0x0000000781e00000)
  object space 128512K, 18% used [0x0000000705a00000,0x00000007070a6cc0,0x000000070d780000)
 Metaspace       used 7249K, capacity 7422K, committed 7552K, reserved 1056768K
  class space    used 746K, capacity 796K, committed 896K, reserved 1048576K
Event: 2.108 GC heap after
Heap after GC invocations=4 (full 0):
 PSYoungGen      total 202240K, used 7658K [0x0000000781e00000, 0x000000078eb00000, 0x00000007c0000000)
  eden space 194560K, 0% used [0x0000000781e00000,0x0000000781e00000,0x000000078dc00000)
  from space 7680K, 99% used [0x000000078e380000,0x000000078eafa940,0x000000078eb00000)
  to   space 7680K, 0% used [0x000000078dc00000,0x000000078dc00000,0x000000078e380000)
 ParOldGen       total 128512K, used 46021K [0x0000000705a00000, 0x000000070d780000, 0x0000000781e00000)
  object space 128512K, 35% used [0x0000000705a00000,0x00000007086f1760,0x000000070d780000)
 Metaspace       used 7249K, capacity 7422K, committed 7552K, reserved 1056768K
  class space    used 746K, capacity 796K, committed 896K, reserved 1048576K
}
Event: 2.464 GC heap before
{Heap before GC invocations=5 (full 0):
 PSYoungGen      total 202240K, used 201816K [0x0000000781e00000, 0x000000078eb00000, 0x00000007c0000000)
  eden space 194560K, 99% used [0x0000000781e00000,0x000000078db9b6d0,0x000000078dc00000)
  from space 7680K, 99% used [0x000000078e380000,0x000000078eafa940,0x000000078eb00000)
  to   space 7680K, 0% used [0x000000078dc00000,0x000000078dc00000,0x000000078e380000)
 ParOldGen       total 128512K, used 46021K [0x0000000705a00000, 0x000000070d780000, 0x0000000781e00000)
  object space 128512K, 35% used [0x0000000705a00000,0x00000007086f1760,0x000000070d780000)
 Metaspace       used 7258K, capacity 7422K, committed 7552K, reserved 1056768K
  class space    used 746K, capacity 796K, committed 896K, reserved 1048576K

