# JRE version: Java(TM) SE Runtime Environment (8.0_151-b12) (build 1.8.0_151-b12)
# Java VM: Java HotSpot(TM) 64-Bit Server VM (25.151-b12 mixed mode linux-amd64 compressed oops)
Heap:
 PSYoungGen      total 203776K, used 54408K [0x0000000781e00000, 0x000000079ab00000, 0x00000007c0000000)
  eden space 194560K, 27% used [0x0000000781e00000,0x000000078530a180,0x000000078dc00000)
  from space 9216K, 1% used [0x000000078dc00000,0x000000078dc18000,0x000000078e500000)
  to   space 8704K, 0% used [0x000000079a280000,0x000000079a280000,0x000000079ab00000)
 ParOldGen       total 1708032K, used 1659082K [0x0000000705a00000, 0x000000076de00000, 0x0000000781e00000)
  object space 1708032K, 97% used [0x0000000705a00000,0x000000076ae32a80,0x000000076de00000)
 Metaspace       used 6872K, capacity 6934K, committed 7168K, reserved 1056768K
  class space    used 720K, capacity 754K, committed 768K, reserved 1048576K
GC Heap History (10 events):
Event: 2.414 GC heap before
{Heap before GC invocations=3 (full 0):
 PSYoungGen      total 56320K, used 49824K [0x0000000781e00000, 0x0000000788c00000, 0x00000007c0000000)
  eden space 48640K, 100% used [0x0000000781e00000,0x0000000784d80000,0x0000000784d80000)
  from space 7680K, 15% used [0x0000000785500000,0x0000000785628040,0x0000000785c80000)
  to   space 7680K, 0% used [0x0000000784d80000,0x0000000784d80000,0x0000000785500000)
 ParOldGen       total 128512K, used 80484K [0x0000000705a00000, 0x000000070d780000, 0x0000000781e00000)
  object space 128512K, 62% used [0x0000000705a00000,0x000000070a899390,0x000000070d780000)
 Metaspace       used 6871K, capacity 6934K, committed 7168K, reserved 1056768K
  class space    used 720K, capacity 754K, committed 768K, reserved 1048576K
Event: 2.420 GC heap after
Heap after GC invocations=3 (full 0):
 PSYoungGen      total 56320K, used 1120K [0x0000000781e00000, 0x0000000788c00000, 0x00000007c0000000)
  eden space 48640K, 0% used [0x0000000781e00000,0x0000000781e00000,0x0000000784d80000)
  from space 7680K, 14% used [0x0000000784d80000,0x0000000784e98040,0x0000000785500000)
  to   space 7680K, 0% used [0x0000000788480000,0x0000000788480000,0x0000000788c00000)
 ParOldGen       total 128512K, used 80484K [0x0000000705a00000, 0x000000070d780000, 0x0000000781e00000)
  object space 128512K, 62% used [0x0000000705a00000,0x000000070a899390,0x000000070d780000)
 Metaspace       used 6871K, capacity 6934K, committed 7168K, reserved 1056768K
  class space    used 720K, capacity 754K, committed 768K, reserved 1048576K
}
Event: 2.443 GC heap before
{Heap before GC invocations=4 (full 0):
 PSYoungGen      total 56320K, used 49760K [0x0000000781e00000, 0x0000000788c00000, 0x00000007c0000000)
  eden space 48640K, 100% used [0x0000000781e00000,0x0000000784d80000,0x0000000784d80000)
  from space 7680K, 14% used [0x0000000784d80000,0x0000000784e98040,0x0000000785500000)
  to   space 7680K, 0% used [0x0000000788480000,0x0000000788480000,0x0000000788c00000)
 ParOldGen       total 128512K, used 80484K [0x0000000705a00000, 0x000000070d780000, 0x0000000781e00000)
  object space 128512K, 62% used [0x0000000705a00000,0x000000070a899390,0x000000070d780000)
 Metaspace       used 6871K, capacity 6934K, committed 7168K, reserved 1056768K
  class space    used 720K, capacity 754K, committed 768K, reserved 1048576K
Event: 2.451 GC heap after
Heap after GC invocations=4 (full 0):
 PSYoungGen      total 104960K, used 1136K [0x0000000781e00000, 0x0000000788c00000, 0x00000007c0000000)
  eden space 97280K, 0% used [0x0000000781e00000,0x0000000781e00000,0x0000000787d00000)
  from space 7680K, 14% used [0x0000000788480000,0x000000078859c050,0x0000000788c00000)
  to   space 7680K, 0% used [0x0000000787d00000,0x0000000787d00000,0x0000000788480000)
 ParOldGen       total 128512K, used 80484K [0x0000000705a00000, 0x000000070d780000, 0x0000000781e00000)
  object space 128512K, 62% used [0x0000000705a00000,0x000000070a899390,0x000000070d780000)
 Metaspace       used 6871K, capacity 6934K, committed 7168K, reserved 1056768K
  class space    used 720K, capacity 754K, committed 768K, reserved 1048576K
}
Event: 2.713 GC heap before
{Heap before GC invocations=5 (full 0):
 PSYoungGen      total 104960K, used 98416K [0x0000000781e00000, 0x0000000788c00000, 0x00000007c0000000)
  eden space 97280K, 100% used [0x0000000781e00000,0x0000000787d00000,0x0000000787d00000)
  from space 7680K, 14% used [0x0000000788480000,0x000000078859c050,0x0000000788c00000)
  to   space 7680K, 0% used [0x0000000787d00000,0x0000000787d00000,0x0000000788480000)
 ParOldGen       total 233472K, used 184932K [0x0000000705a00000, 0x0000000713e00000, 0x0000000781e00000)
  object space 233472K, 79% used [0x0000000705a00000,0x0000000710e993a0,0x0000000713e00000)
 Metaspace       used 6871K, capacity 6934K, committed 7168K, reserved 1056768K
  class space    used 720K, capacity 754K, committed 768K, reserved 1048576K
Event: 2.716 GC heap after
Heap after GC invocations=5 (full 0):
 PSYoungGen      total 104960K, used 1184K [0x0000000781e00000, 0x000000078ef00000, 0x00000007c0000000)
  eden space 97280K, 0% used [0x0000000781e00000,0x0000000781e00000,0x0000000787d00000)
  from space 7680K, 15% used [0x0000000787d00000,0x0000000787e28040,0x0000000788480000)
  to   space 9728K, 0% used [0x000000078e580000,0x000000078e580000,0x000000078ef00000)
 ParOldGen       total 233472K, used 184940K [0x0000000705a00000, 0x0000000713e00000, 0x0000000781e00000)
  object space 233472K, 79% used [0x0000000705a00000,0x0000000710e9b3a0,0x0000000713e00000)
 Metaspace       used 6871K, capacity 6934K, committed 7168K, reserved 1056768K
  class space    used 720K, capacity 754K, committed 768K, reserved 1048576K
}
Event: 2.898 GC heap before
{Heap before GC invocations=6 (full 0):
 PSYoungGen      total 104960K, used 98464K [0x0000000781e00000, 0x000000078ef00000, 0x00000007c0000000)
  eden space 97280K, 100% used [0x0000000781e00000,0x0000000787d00000,0x0000000787d00000)
  from space 7680K, 15% used [0x0000000787d00000,0x0000000787e28040,0x0000000788480000)
  to   space 9728K, 0% used [0x000000078e580000,0x000000078e580000,0x000000078ef00000)
 ParOldGen       total 442880K, used 393836K [0x0000000705a00000, 0x0000000720a80000, 0x0000000781e00000)
  object space 442880K, 88% used [0x0000000705a00000,0x000000071da9b3b0,0x0000000720a80000)
 Metaspace       used 6871K, capacity 6934K, committed 7168K, reserved 1056768K
  class space    used 720K, capacity 754K, committed 768K, reserved 1048576K
Event: 2.902 GC heap after
Heap after GC invocations=6 (full 0):
 PSYoungGen      total 203264K, used 1168K [0x0000000781e00000, 0x000000078ee00000, 0x00000007c0000000)
  eden space 194560K, 0% used [0x0000000781e00000,0x0000000781e00000,0x000000078dc00000)
  from space 8704K, 13% used [0x000000078e580000,0x000000078e6a4030,0x000000078ee00000)
  to   space 9216K, 0% used [0x000000078dc00000,0x000000078dc00000,0x000000078e500000)
 ParOldGen       total 442880K, used 393844K [0x0000000705a00000, 0x0000000720a80000, 0x0000000781e00000)
  object space 442880K, 88% used [0x0000000705a00000,0x000000071da9d3b0,0x0000000720a80000)
 Metaspace       used 6871K, capacity 6934K, committed 7168K, reserved 1056768K
  class space    used 720K, capacity 754K, committed 768K, reserved 1048576K
}
Event: 3.799 GC heap before
{Heap before GC invocations=7 (full 0):
 PSYoungGen      total 203264K, used 195728K [0x0000000781e00000, 0x000000078ee00000, 0x00000007c0000000)
  eden space 194560K, 100% used [0x0000000781e00000,0x000000078dc00000,0x000000078dc00000)
  from space 8704K, 13% used [0x000000078e580000,0x000000078e6a4030,0x000000078ee00000)
  to   space 9216K, 0% used [0x000000078dc00000,0x000000078dc00000,0x000000078e500000)
 ParOldGen       total 861184K, used 811636K [0x0000000705a00000, 0x000000073a300000, 0x0000000781e00000)
  object space 861184K, 94% used [0x0000000705a00000,0x000000073729d3c0,0x000000073a300000)
 Metaspace       used 6871K, capacity 6934K, committed 7168K, reserved 1056768K
  class space    used 720K, capacity 754K, committed 768K, reserved 1048576K
Event: 3.806 GC heap after
Heap after GC invocations=7 (full 0):
 PSYoungGen      total 203776K, used 96K [0x0000000781e00000, 0x000000079ab00000, 0x00000007c0000000)
  eden space 194560K, 0% used [0x0000000781e00000,0x0000000781e00000,0x000000078dc00000)
  from space 9216K, 1% used [0x000000078dc00000,0x000000078dc18000,0x000000078e500000)
  to   space 8704K, 0% used [0x000000079a280000,0x000000079a280000,0x000000079ab00000)
 ParOldGen       total 861184K, used 812729K [0x0000000705a00000, 0x000000073a300000, 0x0000000781e00000)
  object space 861184K, 94% used [0x0000000705a00000,0x00000007373ae460,0x000000073a300000)
 Metaspace       used 6871K, capacity 6934K, committed 7168K, reserved 1056768K
  class space    used 720K, capacity 754K, committed 768K, reserved 1048576K
}

