# JRE version: Java(TM) SE Runtime Environment (8.0_151-b12) (build 1.8.0_151-b12)
# Java VM: Java HotSpot(TM) 64-Bit Server VM (25.151-b12 mixed mode linux-amd64 compressed oops)
Heap:
 PSYoungGen      total 203776K, used 46650K [0x0000000781e00000, 0x000000079ab00000, 0x00000007c0000000)
  eden space 194560K, 23% used [0x0000000781e00000,0x0000000784b76980,0x000000078dc00000)
  from space 9216K, 1% used [0x000000078dc00000,0x000000078dc18000,0x000000078e500000)
  to   space 8704K, 0% used [0x000000079a280000,0x000000079a280000,0x000000079ab00000)
 ParOldGen       total 1708032K, used 1659069K [0x0000000705a00000, 0x000000076de00000, 0x0000000781e00000)
  object space 1708032K, 97% used [0x0000000705a00000,0x000000076ae2f410,0x000000076de00000)
 Metaspace       used 6883K, capacity 6934K, committed 7168K, reserved 1056768K
  class space    used 720K, capacity 754K, committed 768K, reserved 1048576K
GC Heap History (10 events):
Event: 5.850 GC heap before
{Heap before GC invocations=3 (full 0):
 PSYoungGen      total 56320K, used 49808K [0x0000000781e00000, 0x0000000788c00000, 0x00000007c0000000)
  eden space 48640K, 100% used [0x0000000781e00000,0x0000000784d80000,0x0000000784d80000)
  from space 7680K, 15% used [0x0000000785500000,0x0000000785624030,0x0000000785c80000)
  to   space 7680K, 0% used [0x0000000784d80000,0x0000000784d80000,0x0000000785500000)
 ParOldGen       total 128512K, used 80503K [0x0000000705a00000, 0x000000070d780000, 0x0000000781e00000)
  object space 128512K, 62% used [0x0000000705a00000,0x000000070a89dc30,0x000000070d780000)
 Metaspace       used 6882K, capacity 6934K, committed 7168K, reserved 1056768K
  class space    used 720K, capacity 754K, committed 768K, reserved 1048576K
Event: 5.851 GC heap after
Heap after GC invocations=3 (full 0):
 PSYoungGen      total 56320K, used 1088K [0x0000000781e00000, 0x0000000788c00000, 0x00000007c0000000)
  eden space 48640K, 0% used [0x0000000781e00000,0x0000000781e00000,0x0000000784d80000)
  from space 7680K, 14% used [0x0000000784d80000,0x0000000784e90040,0x0000000785500000)
  to   space 7680K, 0% used [0x0000000788480000,0x0000000788480000,0x0000000788c00000)
 ParOldGen       total 128512K, used 80503K [0x0000000705a00000, 0x000000070d780000, 0x0000000781e00000)
  object space 128512K, 62% used [0x0000000705a00000,0x000000070a89dc30,0x000000070d780000)
 Metaspace       used 6882K, capacity 6934K, committed 7168K, reserved 1056768K
  class space    used 720K, capacity 754K, committed 768K, reserved 1048576K
}
Event: 5.870 GC heap before
{Heap before GC invocations=4 (full 0):
 PSYoungGen      total 56320K, used 49728K [0x0000000781e00000, 0x0000000788c00000, 0x00000007c0000000)
  eden space 48640K, 100% used [0x0000000781e00000,0x0000000784d80000,0x0000000784d80000)
  from space 7680K, 14% used [0x0000000784d80000,0x0000000784e90040,0x0000000785500000)
  to   space 7680K, 0% used [0x0000000788480000,0x0000000788480000,0x0000000788c00000)
 ParOldGen       total 128512K, used 80503K [0x0000000705a00000, 0x000000070d780000, 0x0000000781e00000)
  object space 128512K, 62% used [0x0000000705a00000,0x000000070a89dc30,0x000000070d780000)
 Metaspace       used 6882K, capacity 6934K, committed 7168K, reserved 1056768K
  class space    used 720K, capacity 754K, committed 768K, reserved 1048576K
Event: 5.879 GC heap after
Heap after GC invocations=4 (full 0):
 PSYoungGen      total 104960K, used 1104K [0x0000000781e00000, 0x0000000788c00000, 0x00000007c0000000)
  eden space 97280K, 0% used [0x0000000781e00000,0x0000000781e00000,0x0000000787d00000)
  from space 7680K, 14% used [0x0000000788480000,0x0000000788594050,0x0000000788c00000)
  to   space 7680K, 0% used [0x0000000787d00000,0x0000000787d00000,0x0000000788480000)
 ParOldGen       total 128512K, used 80503K [0x0000000705a00000, 0x000000070d780000, 0x0000000781e00000)
  object space 128512K, 62% used [0x0000000705a00000,0x000000070a89dc30,0x000000070d780000)
 Metaspace       used 6882K, capacity 6934K, committed 7168K, reserved 1056768K
  class space    used 720K, capacity 754K, committed 768K, reserved 1048576K
}
Event: 6.267 GC heap before
{Heap before GC invocations=5 (full 0):
 PSYoungGen      total 104960K, used 98384K [0x0000000781e00000, 0x0000000788c00000, 0x00000007c0000000)
  eden space 97280K, 100% used [0x0000000781e00000,0x0000000787d00000,0x0000000787d00000)
  from space 7680K, 14% used [0x0000000788480000,0x0000000788594050,0x0000000788c00000)
  to   space 7680K, 0% used [0x0000000787d00000,0x0000000787d00000,0x0000000788480000)
 ParOldGen       total 233472K, used 184951K [0x0000000705a00000, 0x0000000713e00000, 0x0000000781e00000)
  object space 233472K, 79% used [0x0000000705a00000,0x0000000710e9dc40,0x0000000713e00000)
 Metaspace       used 6882K, capacity 6934K, committed 7168K, reserved 1056768K
  class space    used 720K, capacity 754K, committed 768K, reserved 1048576K
Event: 6.275 GC heap after
Heap after GC invocations=5 (full 0):
 PSYoungGen      total 104960K, used 1168K [0x0000000781e00000, 0x000000078ef00000, 0x00000007c0000000)
  eden space 97280K, 0% used [0x0000000781e00000,0x0000000781e00000,0x0000000787d00000)
  from space 7680K, 15% used [0x0000000787d00000,0x0000000787e24050,0x0000000788480000)
  to   space 9728K, 0% used [0x000000078e580000,0x000000078e580000,0x000000078ef00000)
 ParOldGen       total 233472K, used 184959K [0x0000000705a00000, 0x0000000713e00000, 0x0000000781e00000)
  object space 233472K, 79% used [0x0000000705a00000,0x0000000710e9fc40,0x0000000713e00000)
 Metaspace       used 6882K, capacity 6934K, committed 7168K, reserved 1056768K
  class space    used 720K, capacity 754K, committed 768K, reserved 1048576K
}
Event: 7.720 GC heap before
{Heap before GC invocations=6 (full 0):
 PSYoungGen      total 104960K, used 98448K [0x0000000781e00000, 0x000000078ef00000, 0x00000007c0000000)
  eden space 97280K, 100% used [0x0000000781e00000,0x0000000787d00000,0x0000000787d00000)
  from space 7680K, 15% used [0x0000000787d00000,0x0000000787e24050,0x0000000788480000)
  to   space 9728K, 0% used [0x000000078e580000,0x000000078e580000,0x000000078ef00000)
 ParOldGen       total 442880K, used 393855K [0x0000000705a00000, 0x0000000720a80000, 0x0000000781e00000)
  object space 442880K, 88% used [0x0000000705a00000,0x000000071da9fc50,0x0000000720a80000)
 Metaspace       used 6882K, capacity 6934K, committed 7168K, reserved 1056768K
  class space    used 720K, capacity 754K, committed 768K, reserved 1048576K
Event: 7.727 GC heap after
Heap after GC invocations=6 (full 0):
 PSYoungGen      total 203264K, used 1136K [0x0000000781e00000, 0x000000078ee00000, 0x00000007c0000000)
  eden space 194560K, 0% used [0x0000000781e00000,0x0000000781e00000,0x000000078dc00000)
  from space 8704K, 13% used [0x000000078e580000,0x000000078e69c050,0x000000078ee00000)
  to   space 9216K, 0% used [0x000000078dc00000,0x000000078dc00000,0x000000078e500000)
 ParOldGen       total 442880K, used 393855K [0x0000000705a00000, 0x0000000720a80000, 0x0000000781e00000)
  object space 442880K, 88% used [0x0000000705a00000,0x000000071da9fc50,0x0000000720a80000)
 Metaspace       used 6882K, capacity 6934K, committed 7168K, reserved 1056768K
  class space    used 720K, capacity 754K, committed 768K, reserved 1048576K
}
Event: 9.707 GC heap before
{Heap before GC invocations=7 (full 0):
 PSYoungGen      total 203264K, used 195696K [0x0000000781e00000, 0x000000078ee00000, 0x00000007c0000000)
  eden space 194560K, 100% used [0x0000000781e00000,0x000000078dc00000,0x000000078dc00000)
  from space 8704K, 13% used [0x000000078e580000,0x000000078e69c050,0x000000078ee00000)
  to   space 9216K, 0% used [0x000000078dc00000,0x000000078dc00000,0x000000078e500000)
 ParOldGen       total 861184K, used 811647K [0x0000000705a00000, 0x000000073a300000, 0x0000000781e00000)
  object space 861184K, 94% used [0x0000000705a00000,0x000000073729fc60,0x000000073a300000)
 Metaspace       used 6882K, capacity 6934K, committed 7168K, reserved 1056768K
  class space    used 720K, capacity 754K, committed 768K, reserved 1048576K
Event: 9.713 GC heap after
Heap after GC invocations=7 (full 0):
 PSYoungGen      total 203776K, used 96K [0x0000000781e00000, 0x000000079ab00000, 0x00000007c0000000)
  eden space 194560K, 0% used [0x0000000781e00000,0x0000000781e00000,0x000000078dc00000)
  from space 9216K, 1% used [0x000000078dc00000,0x000000078dc18000,0x000000078e500000)
  to   space 8704K, 0% used [0x000000079a280000,0x000000079a280000,0x000000079ab00000)
 ParOldGen       total 861184K, used 812715K [0x0000000705a00000, 0x000000073a300000, 0x0000000781e00000)
  object space 861184K, 94% used [0x0000000705a00000,0x00000007373aadf0,0x000000073a300000)
 Metaspace       used 6882K, capacity 6934K, committed 7168K, reserved 1056768K
  class space    used 720K, capacity 754K, committed 768K, reserved 1048576K
}

