# JRE version: Java(TM) SE Runtime Environment (8.0_151-b12) (build 1.8.0_151-b12)
# Java VM: Java HotSpot(TM) 64-Bit Server VM (25.151-b12 mixed mode linux-amd64 compressed oops)
Heap:
 PSYoungGen      total 327168K, used 32K [0x0000000781e00000, 0x0000000796600000, 0x00000007c0000000)
  eden space 319488K, 0% used [0x0000000781e00000,0x0000000781e00000,0x0000000795600000)
  from space 7680K, 0% used [0x0000000795700000,0x0000000795708000,0x0000000795e80000)
  to   space 512K, 0% used [0x0000000796580000,0x0000000796580000,0x0000000796600000)
 ParOldGen       total 2035712K, used 1881034K [0x0000000705a00000, 0x0000000781e00000, 0x0000000781e00000)
  object space 2035712K, 92% used [0x0000000705a00000,0x00000007786f2890,0x0000000781e00000)
 Metaspace       used 3283K, capacity 4564K, committed 4864K, reserved 1056768K
  class space    used 360K, capacity 388K, committed 512K, reserved 1048576K
GC Heap History (10 events):
Event: 0.492 GC heap after
Heap after GC invocations=4 (full 0):
 PSYoungGen      total 202240K, used 272K [0x0000000781e00000, 0x000000078eb00000, 0x00000007c0000000)
  eden space 194560K, 0% used [0x0000000781e00000,0x0000000781e00000,0x000000078dc00000)
  from space 7680K, 3% used [0x000000078e380000,0x000000078e3c4010,0x000000078eb00000)
  to   space 7680K, 0% used [0x000000078dc00000,0x000000078dc00000,0x000000078e380000)
 ParOldGen       total 128512K, used 104144K [0x0000000705a00000, 0x000000070d780000, 0x0000000781e00000)
  object space 128512K, 81% used [0x0000000705a00000,0x000000070bfb4050,0x000000070d780000)
 Metaspace       used 3283K, capacity 4564K, committed 4864K, reserved 1056768K
  class space    used 360K, capacity 388K, committed 512K, reserved 1048576K
}
Event: 0.492 GC heap before
{Heap before GC invocations=5 (full 1):
 PSYoungGen      total 202240K, used 272K [0x0000000781e00000, 0x000000078eb00000, 0x00000007c0000000)
  eden space 194560K, 0% used [0x0000000781e00000,0x0000000781e00000,0x000000078dc00000)
  from space 7680K, 3% used [0x000000078e380000,0x000000078e3c4010,0x000000078eb00000)
  to   space 7680K, 0% used [0x000000078dc00000,0x000000078dc00000,0x000000078e380000)
 ParOldGen       total 128512K, used 104144K [0x0000000705a00000, 0x000000070d780000, 0x0000000781e00000)
  object space 128512K, 81% used [0x0000000705a00000,0x000000070bfb4050,0x000000070d780000)
 Metaspace       used 3283K, capacity 4564K, committed 4864K, reserved 1056768K
  class space    used 360K, capacity 388K, committed 512K, reserved 1048576K
Event: 0.516 GC heap after
Heap after GC invocations=5 (full 1):
 PSYoungGen      total 202240K, used 0K [0x0000000781e00000, 0x000000078eb00000, 0x00000007c0000000)
  eden space 194560K, 0% used [0x0000000781e00000,0x0000000781e00000,0x000000078dc00000)
  from space 7680K, 0% used [0x000000078e380000,0x000000078e380000,0x000000078eb00000)
  to   space 7680K, 0% used [0x000000078dc00000,0x000000078dc00000,0x000000078e380000)
 ParOldGen       total 184832K, used 59786K [0x0000000705a00000, 0x0000000710e80000, 0x0000000781e00000)
  object space 184832K, 32% used [0x0000000705a00000,0x0000000709462a98,0x0000000710e80000)
 Metaspace       used 3283K, capacity 4564K, committed 4864K, reserved 1056768K
  class space    used 360K, capacity 388K, committed 512K, reserved 1048576K
}
Event: 0.812 GC heap before
{Heap before GC invocations=6 (full 2):
 PSYoungGen      total 202240K, used 194560K [0x0000000781e00000, 0x000000078eb00000, 0x00000007c0000000)
  eden space 194560K, 100% used [0x0000000781e00000,0x000000078dc00000,0x000000078dc00000)
  from space 7680K, 0% used [0x000000078e380000,0x000000078e380000,0x000000078eb00000)
  to   space 7680K, 0% used [0x000000078dc00000,0x000000078dc00000,0x000000078e380000)
 ParOldGen       total 184832K, used 178570K [0x0000000705a00000, 0x0000000710e80000, 0x0000000781e00000)
  object space 184832K, 96% used [0x0000000705a00000,0x0000000710862aa8,0x0000000710e80000)
 Metaspace       used 3283K, capacity 4564K, committed 4864K, reserved 1056768K
  class space    used 360K, capacity 388K, committed 512K, reserved 1048576K
Event: 0.852 GC heap after
Heap after GC invocations=6 (full 2):
 PSYoungGen      total 202240K, used 0K [0x0000000781e00000, 0x000000078eb00000, 0x00000007c0000000)
  eden space 194560K, 0% used [0x0000000781e00000,0x0000000781e00000,0x000000078dc00000)
  from space 7680K, 0% used [0x000000078e380000,0x000000078e380000,0x000000078eb00000)
  to   space 7680K, 0% used [0x000000078dc00000,0x000000078dc00000,0x000000078e380000)
 ParOldGen       total 259584K, used 119177K [0x0000000705a00000, 0x0000000715780000, 0x0000000781e00000)
  object space 259584K, 45% used [0x0000000705a00000,0x000000070ce62430,0x0000000715780000)
 Metaspace       used 3283K, capacity 4564K, committed 4864K, reserved 1056768K
  class space    used 360K, capacity 388K, committed 512K, reserved 1048576K
}
Event: 1.168 GC heap before
{Heap before GC invocations=7 (full 2):
 PSYoungGen      total 202240K, used 194560K [0x0000000781e00000, 0x000000078eb00000, 0x00000007c0000000)
  eden space 194560K, 100% used [0x0000000781e00000,0x000000078dc00000,0x000000078dc00000)
  from space 7680K, 0% used [0x000000078e380000,0x000000078e380000,0x000000078eb00000)
  to   space 7680K, 0% used [0x000000078dc00000,0x000000078dc00000,0x000000078e380000)
 ParOldGen       total 497664K, used 356745K [0x0000000705a00000, 0x0000000724000000, 0x0000000781e00000)
  object space 497664K, 71% used [0x0000000705a00000,0x000000071b662440,0x0000000724000000)
 Metaspace       used 3283K, capacity 4564K, committed 4864K, reserved 1056768K
  class space    used 360K, capacity 388K, committed 512K, reserved 1048576K
Event: 1.184 GC heap after
Heap after GC invocations=7 (full 2):
 PSYoungGen      total 202240K, used 32K [0x0000000781e00000, 0x0000000796d80000, 0x00000007c0000000)
  eden space 194560K, 0% used [0x0000000781e00000,0x0000000781e00000,0x000000078dc00000)
  from space 7680K, 0% used [0x000000078dc00000,0x000000078dc08000,0x000000078e380000)
  to   space 8192K, 0% used [0x0000000796580000,0x0000000796580000,0x0000000796d80000)
 ParOldGen       total 497664K, used 356745K [0x0000000705a00000, 0x0000000724000000, 0x0000000781e00000)
  object space 497664K, 71% used [0x0000000705a00000,0x000000071b662440,0x0000000724000000)
 Metaspace       used 3283K, capacity 4564K, committed 4864K, reserved 1056768K
  class space    used 360K, capacity 388K, committed 512K, reserved 1048576K
}
Event: 1.311 GC heap before
{Heap before GC invocations=8 (full 2):
 PSYoungGen      total 202240K, used 194592K [0x0000000781e00000, 0x0000000796d80000, 0x00000007c0000000)
  eden space 194560K, 100% used [0x0000000781e00000,0x000000078dc00000,0x000000078dc00000)
  from space 7680K, 0% used [0x000000078dc00000,0x000000078dc08000,0x000000078e380000)
  to   space 8192K, 0% used [0x0000000796580000,0x0000000796580000,0x0000000796d80000)
 ParOldGen       total 497664K, used 356745K [0x0000000705a00000, 0x0000000724000000, 0x0000000781e00000)
  object space 497664K, 71% used [0x0000000705a00000,0x000000071b662440,0x0000000724000000)
 Metaspace       used 3283K, capacity 4564K, committed 4864K, reserved 1056768K
  class space    used 360K, capacity 388K, committed 512K, reserved 1048576K
Event: 1.319 GC heap after
Heap after GC invocations=8 (full 2):
 PSYoungGen      total 320000K, used 32K [0x0000000781e00000, 0x0000000796600000, 0x00000007c0000000)
  eden space 319488K, 0% used [0x0000000781e00000,0x0000000781e00000,0x0000000795600000)
  from space 512K, 6% used [0x0000000796580000,0x0000000796588000,0x0000000796600000)
  to   space 7680K, 0% used [0x0000000795700000,0x0000000795700000,0x0000000795e80000)
 ParOldGen       total 497664K, used 356745K [0x0000000705a00000, 0x0000000724000000, 0x0000000781e00000)
  object space 497664K, 71% used [0x0000000705a00000,0x000000071b662440,0x0000000724000000)
 Metaspace       used 3283K, capacity 4564K, committed 4864K, reserved 1056768K
  class space    used 360K, capacity 388K, committed 512K, reserved 1048576K
}
Event: 4.621 GC heap before
{Heap before GC invocations=9 (full 2):
 PSYoungGen      total 320000K, used 318314K [0x0000000781e00000, 0x0000000796600000, 0x00000007c0000000)
  eden space 319488K, 99% used [0x0000000781e00000,0x00000007954d2a60,0x0000000795600000)
  from space 512K, 6% used [0x0000000796580000,0x0000000796588000,0x0000000796600000)
  to   space 7680K, 0% used [0x0000000795700000,0x0000000795700000,0x0000000795e80000)
 ParOldGen       total 2035712K, used 1881034K [0x0000000705a00000, 0x0000000781e00000, 0x0000000781e00000)
  object space 2035712K, 92% used [0x0000000705a00000,0x00000007786f2890,0x0000000781e00000)
 Metaspace       used 3283K, capacity 4564K, committed 4864K, reserved 1056768K
  class space    used 360K, capacity 388K, committed 512K, reserved 1048576K

